<?xml version="1.0" encoding="UTF-8"?>
<!-- Generated by org.testng.reporters.JUnitXMLReporter -->
<testsuite ignored="0" hostname="Shivanshu-HP" failures="0" tests="4" name="Test" time="201.044" errors="0" timestamp="2020-05-20T21:07:16 IST">
  <testcase classname="QAClick.ValidateTitle" name="basepageNavigation" time="24.556"/>
  <testcase classname="QAClick.ValidateNavigationBar" name="basepageNavigation" time="25.834"/>
  <testcase classname="QAClick.LoginFunctionality" name="basepageNavigation" time="46.178"/>
  <testcase classname="QAClick.LoginFunctionality" name="basepageNavigation" time="104.394"/>
</testsuite> <!-- Test -->
