<?xml version="1.0" encoding="UTF-8"?>
<!-- Generated by org.testng.reporters.JUnitXMLReporter -->
<testsuite ignored="0" hostname="Shivanshu-HP" failures="1" tests="1" name="Title validation" time="28.589" errors="0" timestamp="2020-05-21T16:09:34 IST">
  <testcase classname="QAClick.ValidateTitle" name="TittleCheck" time="28.513">
    <failure type="java.lang.AssertionError" message="expected [FEATURED COURSES12] but found [FEATURED COURSES]">
      <![CDATA[java.lang.AssertionError: expected [FEATURED COURSES12] but found [FEATURED COURSES]
at QAClick.ValidateTitle.TittleCheck(ValidateTitle.java:26)
at java.base/java.util.ArrayList.forEach(ArrayList.java:1510)
... Removed 36 stack frames]]>
    </failure>
  </testcase> <!-- TittleCheck -->
</testsuite> <!-- Title validation -->
