-------------------------------------------------------------------------------
Test set: TestSuite
-------------------------------------------------------------------------------
Tests run: 4, Failures: 1, Errors: 0, Skipped: 0, Time elapsed: 174.183 s <<< FAILURE! - in TestSuite
QAClick.ValidateTitle.TittleCheck  Time elapsed: 28.542 s  <<< FAILURE!
java.lang.AssertionError: expected [FEATURED COURSES12] but found [FEATURED COURSES]
	at QAClick.ValidateTitle.TittleCheck(ValidateTitle.java:26)

