<?xml version="1.0" encoding="UTF-8"?>
<testsuite xmlns:xsi="http://www.w3.org/2001/XMLSchema-instance" xsi:noNamespaceSchemaLocation="https://maven.apache.org/surefire/maven-surefire-plugin/xsd/surefire-test-report-3.0.xsd" version="3.0" name="TestSuite" time="174.183" tests="4" errors="0" skipped="0" failures="1">
  <properties>
[...]
</properties>
  <testcase name="TittleCheck" classname="QAClick.ValidateTitle" time="28.542">
    <failure message="expected [FEATURED COURSES12] but found [FEATURED COURSES]" type="java.lang.AssertionError"><![CDATA[java.lang.AssertionError: expected [FEATURED COURSES12] but found [FEATURED COURSES]
	at QAClick.ValidateTitle.TittleCheck(ValidateTitle.java:26)
]]></failure>
    <system-out><![CDATA[Browser is :chrome
FEATURED COURSES
]]></system-out>
    <system-err><![CDATA[Starting ChromeDriver 80.0.3987.106 (f68069574609230cf9b635cd784cfb1bf81bb53a-refs/branch-heads/3987@{#882}) on port 32910
Only local connections are allowed.
Please protect ports used by ChromeDriver and related test frameworks to prevent access by malicious code.
[1590057551.494][WARNING]: This version of ChromeDriver has not been tested with Chrome version 81.
May 21, 2020 4:09:13 PM org.openqa.selenium.remote.ProtocolHandshake createSession
INFO: Detected dialect: W3C
[1590057558.682][SEVERE]: Timed out receiving message from renderer: 0.100
[1590057558.792][SEVERE]: Timed out receiving message from renderer: 0.100
[1590057558.896][SEVERE]: Timed out receiving message from renderer: 0.100
[1590057558.997][SEVERE]: Timed out receiving message from renderer: 0.100
[1590057559.099][SEVERE]: Timed out receiving message from renderer: 0.100
[1590057559.230][SEVERE]: Timed out receiving message from renderer: 0.100
[1590057559.332][SEVERE]: Timed out receiving message from renderer: 0.100
[1590057559.434][SEVERE]: Timed out receiving message from renderer: 0.100
[1590057559.544][SEVERE]: Timed out receiving message from renderer: 0.100
[1590057559.657][SEVERE]: Timed out receiving message from renderer: 0.100
[1590057560.325][SEVERE]: Timed out receiving message from renderer: 0.100
[1590057560.443][SEVERE]: Timed out receiving message from renderer: 0.100
[1590057561.380][SEVERE]: Timed out receiving message from renderer: 0.100
[1590057561.606][SEVERE]: Timed out receiving message from renderer: 0.100
[1590057561.806][SEVERE]: Timed out receiving message from renderer: 0.100
[1590057562.014][SEVERE]: Timed out receiving message from renderer: 0.100
[1590057562.239][SEVERE]: Timed out receiving message from renderer: 0.100
]]></system-err>
  </testcase>
  <testcase name="NavigationToContact" classname="QAClick.ValidateNavigationBar" time="35.8"/>
  <testcase name="LoginToPage" classname="QAClick.LoginFunctionality" time="44.706"/>
  <testcase name="LoginToPage" classname="QAClick.LoginFunctionality" time="57.332"/>
</testsuite>