<?xml version="1.0" encoding="UTF-8"?>
<testng-results ignored="0" total="4" passed="4" failed="0" skipped="0">
  <reporter-output>
  </reporter-output>
  <suite started-at="2020-05-20T21:03:55 IST" name="Suite" finished-at="2020-05-20T21:07:16 IST" duration-ms="201044">
    <groups>
    </groups>
    <test started-at="2020-05-20T21:03:55 IST" name="Test" finished-at="2020-05-20T21:07:16 IST" duration-ms="201044">
      <class name="QAClick.ValidateTitle">
        <test-method signature="basepageNavigation()[pri:0, instance:QAClick.ValidateTitle@7e6ef134]" started-at="2020-05-20T21:03:55 IST" name="basepageNavigation" finished-at="2020-05-20T21:04:19 IST" duration-ms="24556" status="PASS">
          <reporter-output>
          </reporter-output>
        </test-method> <!-- basepageNavigation -->
      </class> <!-- QAClick.ValidateTitle -->
      <class name="QAClick.ValidateNavigationBar">
        <test-method signature="basepageNavigation()[pri:0, instance:QAClick.ValidateNavigationBar@1f010bf0]" started-at="2020-05-20T21:04:19 IST" name="basepageNavigation" finished-at="2020-05-20T21:04:45 IST" duration-ms="25834" status="PASS">
          <reporter-output>
          </reporter-output>
        </test-method> <!-- basepageNavigation -->
      </class> <!-- QAClick.ValidateNavigationBar -->
      <class name="QAClick.LoginFunctionality">
        <test-method signature="basepageNavigation(java.lang.String, java.lang.String, java.lang.String)[pri:0, instance:QAClick.LoginFunctionality@40db2a24]" started-at="2020-05-20T21:04:45 IST" name="basepageNavigation" data-provider="getdata" finished-at="2020-05-20T21:05:31 IST" duration-ms="46178" status="PASS">
          <params>
            <param index="0">
              <value>
                <![CDATA[user1@test.com]]>
              </value>
            </param>
            <param index="1">
              <value>
                <![CDATA[12345]]>
              </value>
            </param>
            <param index="2">
              <value>
                <![CDATA[valid user]]>
              </value>
            </param>
          </params>
          <reporter-output>
          </reporter-output>
        </test-method> <!-- basepageNavigation -->
        <test-method signature="basepageNavigation(java.lang.String, java.lang.String, java.lang.String)[pri:0, instance:QAClick.LoginFunctionality@40db2a24]" started-at="2020-05-20T21:05:31 IST" name="basepageNavigation" data-provider="getdata" finished-at="2020-05-20T21:07:16 IST" duration-ms="104394" status="PASS">
          <params>
            <param index="0">
              <value>
                <![CDATA[user2@test.com]]>
              </value>
            </param>
            <param index="1">
              <value>
                <![CDATA[6789]]>
              </value>
            </param>
            <param index="2">
              <value>
                <![CDATA[Invalid user]]>
              </value>
            </param>
          </params>
          <reporter-output>
          </reporter-output>
        </test-method> <!-- basepageNavigation -->
      </class> <!-- QAClick.LoginFunctionality -->
    </test> <!-- Test -->
  </suite> <!-- Suite -->
</testng-results>
